# JRE version: OpenJDK Runtime Environment (8.0_152-b01) (build 1.8.0_152-release-1248-b01)
# Java VM: OpenJDK 64-Bit Server VM (25.152-b01 mixed mode windows-amd64 compressed oops)
Heap:
 PSYoungGen      total 285696K, used 73423K [0x00000000e0000000, 0x00000000f5500000, 0x0000000100000000)
  eden space 242688K, 14% used [0x00000000e0000000,0x00000000e2207b80,0x00000000eed00000)
  from space 43008K, 89% used [0x00000000f1c00000,0x00000000f41ac108,0x00000000f4600000)
  to   space 48128K, 0% used [0x00000000eed00000,0x00000000eed00000,0x00000000f1c00000)
 ParOldGen       total 209920K, used 99263K [0x00000000a0000000, 0x00000000acd00000, 0x00000000e0000000)
  object space 209920K, 47% used [0x00000000a0000000,0x00000000a60efc60,0x00000000acd00000)
 Metaspace       used 101169K, capacity 105118K, committed 105420K, reserved 1140736K
  class space    used 12857K, capacity 13723K, committed 13812K, reserved 1048576K
GC Heap History (10 events):
Event: 484.019 GC heap before
{Heap before GC invocations=22 (full 3):
 PSYoungGen      total 224256K, used 223920K [0x00000000e0000000, 0x00000000ef680000, 0x0000000100000000)
  eden space 202240K, 100% used [0x00000000e0000000,0x00000000ec580000,0x00000000ec580000)
  from space 22016K, 98% used [0x00000000edf80000,0x00000000ef4ac1a8,0x00000000ef500000)
  to   space 25088K, 0% used [0x00000000ec580000,0x00000000ec580000,0x00000000ede00000)
 ParOldGen       total 115712K, used 62044K [0x00000000a0000000, 0x00000000a7100000, 0x00000000e0000000)
  object space 115712K, 53% used [0x00000000a0000000,0x00000000a3c97248,0x00000000a7100000)
 Metaspace       used 83564K, capacity 86554K, committed 86804K, reserved 1124352K
  class space    used 10830K, capacity 11553K, committed 11580K, reserved 1048576K
Event: 484.073 GC heap after
Heap after GC invocations=22 (full 3):
 PSYoungGen      total 227328K, used 18425K [0x00000000e0000000, 0x00000000f0980000, 0x0000000100000000)
  eden space 202240K, 0% used [0x00000000e0000000,0x00000000e0000000,0x00000000ec580000)
  from space 25088K, 73% used [0x00000000ec580000,0x00000000ed77e7c0,0x00000000ede00000)
  to   space 26112K, 0% used [0x00000000ef000000,0x00000000ef000000,0x00000000f0980000)
 ParOldGen       total 115712K, used 62052K [0x00000000a0000000, 0x00000000a7100000, 0x00000000e0000000)
  object space 115712K, 53% used [0x00000000a0000000,0x00000000a3c99248,0x00000000a7100000)
 Metaspace       used 83564K, capacity 86554K, committed 86804K, reserved 1124352K
  class space    used 10830K, capacity 11553K, committed 11580K, reserved 1048576K
}
Event: 493.155 GC heap before
{Heap before GC invocations=23 (full 3):
 PSYoungGen      total 227328K, used 220665K [0x00000000e0000000, 0x00000000f0980000, 0x0000000100000000)
  eden space 202240K, 100% used [0x00000000e0000000,0x00000000ec580000,0x00000000ec580000)
  from space 25088K, 73% used [0x00000000ec580000,0x00000000ed77e7c0,0x00000000ede00000)
  to   space 26112K, 0% used [0x00000000ef000000,0x00000000ef000000,0x00000000f0980000)
 ParOldGen       total 115712K, used 62052K [0x00000000a0000000, 0x00000000a7100000, 0x00000000e0000000)
  object space 115712K, 53% used [0x00000000a0000000,0x00000000a3c99248,0x00000000a7100000)
 Metaspace       used 90963K, capacity 93970K, committed 93972K, reserved 1130496K
  class space    used 11608K, capacity 12347K, committed 12348K, reserved 1048576K
Event: 493.224 GC heap after
Heap after GC invocations=23 (full 3):
 PSYoungGen      total 240640K, used 26095K [0x00000000e0000000, 0x00000000f1400000, 0x0000000100000000)
  eden space 214528K, 0% used [0x00000000e0000000,0x00000000e0000000,0x00000000ed180000)
  from space 26112K, 99% used [0x00000000ef000000,0x00000000f097be80,0x00000000f0980000)
  to   space 31232K, 0% used [0x00000000ed180000,0x00000000ed180000,0x00000000ef000000)
 ParOldGen       total 115712K, used 65753K [0x00000000a0000000, 0x00000000a7100000, 0x00000000e0000000)
  object space 115712K, 56% used [0x00000000a0000000,0x00000000a4036578,0x00000000a7100000)
 Metaspace       used 90963K, capacity 93970K, committed 93972K, reserved 1130496K
  class space    used 11608K, capacity 12347K, committed 12348K, reserved 1048576K
}
Event: 497.014 GC heap before
{Heap before GC invocations=24 (full 3):
 PSYoungGen      total 240640K, used 222017K [0x00000000e0000000, 0x00000000f1400000, 0x0000000100000000)
  eden space 214528K, 91% used [0x00000000e0000000,0x00000000ebf54758,0x00000000ed180000)
  from space 26112K, 99% used [0x00000000ef000000,0x00000000f097be80,0x00000000f0980000)
  to   space 31232K, 0% used [0x00000000ed180000,0x00000000ed180000,0x00000000ef000000)
 ParOldGen       total 115712K, used 65753K [0x00000000a0000000, 0x00000000a7100000, 0x00000000e0000000)
  object space 115712K, 56% used [0x00000000a0000000,0x00000000a4036578,0x00000000a7100000)
 Metaspace       used 95077K, capacity 98308K, committed 98380K, reserved 1134592K
  class space    used 12142K, capacity 12900K, committed 12916K, reserved 1048576K
Event: 497.161 GC heap after
Heap after GC invocations=24 (full 3):
 PSYoungGen      total 245760K, used 31230K [0x00000000e0000000, 0x00000000f4600000, 0x0000000100000000)
  eden space 214528K, 0% used [0x00000000e0000000,0x00000000e0000000,0x00000000ed180000)
  from space 31232K, 99% used [0x00000000ed180000,0x00000000eefff808,0x00000000ef000000)
  to   space 43008K, 0% used [0x00000000f1c00000,0x00000000f1c00000,0x00000000f4600000)
 ParOldGen       total 115712K, used 84508K [0x00000000a0000000, 0x00000000a7100000, 0x00000000e0000000)
  object space 115712K, 73% used [0x00000000a0000000,0x00000000a52870e8,0x00000000a7100000)
 Metaspace       used 95077K, capacity 98308K, committed 98380K, reserved 1134592K
  class space    used 12142K, capacity 12900K, committed 12916K, reserved 1048576K
}
Event: 497.161 GC heap before
{Heap before GC invocations=25 (full 4):
 PSYoungGen      total 245760K, used 31230K [0x00000000e0000000, 0x00000000f4600000, 0x0000000100000000)
  eden space 214528K, 0% used [0x00000000e0000000,0x00000000e0000000,0x00000000ed180000)
  from space 31232K, 99% used [0x00000000ed180000,0x00000000eefff808,0x00000000ef000000)
  to   space 43008K, 0% used [0x00000000f1c00000,0x00000000f1c00000,0x00000000f4600000)
 ParOldGen       total 115712K, used 84508K [0x00000000a0000000, 0x00000000a7100000, 0x00000000e0000000)
  object space 115712K, 73% used [0x00000000a0000000,0x00000000a52870e8,0x00000000a7100000)
 Metaspace       used 95077K, capacity 98308K, committed 98380K, reserved 1134592K
  class space    used 12142K, capacity 12900K, committed 12916K, reserved 1048576K
Event: 497.944 GC heap after
Heap after GC invocations=25 (full 4):
 PSYoungGen      total 245760K, used 0K [0x00000000e0000000, 0x00000000f4600000, 0x0000000100000000)
  eden space 214528K, 0% used [0x00000000e0000000,0x00000000e0000000,0x00000000ed180000)
  from space 31232K, 0% used [0x00000000ed180000,0x00000000ed180000,0x00000000ef000000)
  to   space 43008K, 0% used [0x00000000f1c00000,0x00000000f1c00000,0x00000000f4600000)
 ParOldGen       total 209920K, used 99263K [0x00000000a0000000, 0x00000000acd00000, 0x00000000e0000000)
  object space 209920K, 47% used [0x00000000a0000000,0x00000000a60efc60,0x00000000acd00000)
 Metaspace       used 95024K, capacity 98160K, committed 98380K, reserved 1134592K
  class space    used 12124K, capacity 12868K, committed 12916K, reserved 1048576K
}
Event: 504.225 GC heap before
{Heap before GC invocations=26 (full 4):
 PSYoungGen      total 245760K, used 214528K [0x00000000e0000000, 0x00000000f4600000, 0x0000000100000000)
  eden space 214528K, 100% used [0x00000000e0000000,0x00000000ed180000,0x00000000ed180000)
  from space 31232K, 0% used [0x00000000ed180000,0x00000000ed180000,0x00000000ef000000)
  to   space 43008K, 0% used [0x00000000f1c00000,0x00000000f1c00000,0x00000000f4600000)
 ParOldGen       total 209920K, used 99263K [0x00000000a0000000, 0x00000000acd00000, 0x00000000e0000000)
  object space 209920K, 47% used [0x00000000a0000000,0x00000000a60efc60,0x00000000acd00000)
 Metaspace       used 100798K, capacity 104674K, committed 104780K, reserved 1140736K
  class space    used 12825K, capacity 13677K, committed 13684K, reserved 1048576K
Event: 504.318 GC heap after
Heap after GC invocations=26 (full 4):
 PSYoungGen      total 285696K, used 38576K [0x00000000e0000000, 0x00000000f5500000, 0x0000000100000000)
  eden space 242688K, 0% used [0x00000000e0000000,0x00000000e0000000,0x00000000eed00000)
  from space 43008K, 89% used [0x00000000f1c00000,0x00000000f41ac108,0x00000000f4600000)
  to   space 48128K, 0% used [0x00000000eed00000,0x00000000eed00000,0x00000000f1c00000)
 ParOldGen       total 209920K, used 99263K [0x00000000a0000000, 0x00000000acd00000, 0x00000000e0000000)
  object space 209920K, 47% used [0x00000000a0000000,0x00000000a60efc60,0x00000000acd00000)
 Metaspace       used 100798K, capacity 104674K, committed 104780K, reserved 1140736K
  class space    used 12825K, capacity 13677K, committed 13684K, reserved 1048576K
}

